# JRE version: OpenJDK Runtime Environment Temurin-21.0.10+7 (21.0.10+7) (build 21.0.10+7-LTS)
# Java VM: OpenJDK 64-Bit Server VM Temurin-21.0.10+7 (21.0.10+7-LTS, mixed mode, sharing, tiered, compressed oops, compressed class ptrs, parallel gc, windows-amd64)
GC Precious Log:
 CardTable entry size: 512
 CPUs: 8 total, 8 available
 Memory: 6016M
 Large Page Support: Disabled
 NUMA Support: Disabled
 Compressed Oops: Enabled (32-bit)
 Alignments: Space 512K, Generation 512K, Heap 2M
 Heap Min Capacity: 100M
 Heap Initial Capacity: 100M
 Heap Max Capacity: 2G
 Pre-touch: Disabled
 Parallel Workers: 8
Heap:
 PSYoungGen      total 2048K, used 607K [0x00000000d5580000, 0x00000000d5880000, 0x0000000100000000)
  eden space 1536K, 24% used [0x00000000d5580000,0x00000000d55dfc10,0x00000000d5700000)
  from space 512K, 43% used [0x00000000d5780000,0x00000000d57b8000,0x00000000d5800000)
  to   space 512K, 0% used [0x00000000d5800000,0x00000000d5800000,0x00000000d5880000)
 ParOldGen       total 554496K, used 453338K [0x0000000080000000, 0x00000000a1d80000, 0x00000000d5580000)
  object space 554496K, 81% used [0x0000000080000000,0x000000009bab6840,0x00000000a1d80000)
 Metaspace       used 82577K, committed 84224K, reserved 1179648K
  class space    used 8341K, committed 9088K, reserved 1048576K
GC Heap History (20 events):
Event: 7674.130 GC heap before
{Heap before GC invocations=434 (full 4):
 PSYoungGen      total 2048K, used 2032K [0x00000000d5580000, 0x00000000d5a00000, 0x0000000100000000)
  eden space 1536K, 100% used [0x00000000d5580000,0x00000000d5700000,0x00000000d5700000)
  from space 512K, 97% used [0x00000000d5780000,0x00000000d57fc3e8,0x00000000d5800000)
  to   space 1536K, 0% used [0x00000000d5880000,0x00000000d5880000,0x00000000d5a00000)
 ParOldGen       total 554496K, used 445726K [0x0000000080000000, 0x00000000a1d80000, 0x00000000d5580000)
  object space 554496K, 80% used [0x0000000080000000,0x000000009b347b70,0x00000000a1d80000)
 Metaspace       used 82526K, committed 84160K, reserved 1179648K
  class space    used 8340K, committed 9088K, reserved 1048576K
}
Event: 7674.132 GC heap after
{Heap after GC invocations=434 (full 4):
 PSYoungGen      total 3072K, used 1372K [0x00000000d5580000, 0x00000000d5a00000, 0x0000000100000000)
  eden space 1536K, 0% used [0x00000000d5580000,0x00000000d5580000,0x00000000d5700000)
  from space 1536K, 89% used [0x00000000d5880000,0x00000000d59d71e0,0x00000000d5a00000)
  to   space 1536K, 0% used [0x00000000d5700000,0x00000000d5700000,0x00000000d5880000)
 ParOldGen       total 554496K, used 446208K [0x0000000080000000, 0x00000000a1d80000, 0x00000000d5580000)
  object space 554496K, 80% used [0x0000000080000000,0x000000009b3c0198,0x00000000a1d80000)
 Metaspace       used 82526K, committed 84160K, reserved 1179648K
  class space    used 8340K, committed 9088K, reserved 1048576K
}
Event: 7675.342 GC heap before
{Heap before GC invocations=435 (full 4):
 PSYoungGen      total 3072K, used 2908K [0x00000000d5580000, 0x00000000d5a00000, 0x0000000100000000)
  eden space 1536K, 100% used [0x00000000d5580000,0x00000000d5700000,0x00000000d5700000)
  from space 1536K, 89% used [0x00000000d5880000,0x00000000d59d71e0,0x00000000d5a00000)
  to   space 1536K, 0% used [0x00000000d5700000,0x00000000d5700000,0x00000000d5880000)
 ParOldGen       total 554496K, used 446208K [0x0000000080000000, 0x00000000a1d80000, 0x00000000d5580000)
  object space 554496K, 80% used [0x0000000080000000,0x000000009b3c0198,0x00000000a1d80000)
 Metaspace       used 82526K, committed 84160K, reserved 1179648K
  class space    used 8340K, committed 9088K, reserved 1048576K
}
Event: 7675.346 GC heap after
{Heap after GC invocations=435 (full 4):
 PSYoungGen      total 3072K, used 1466K [0x00000000d5580000, 0x00000000d5a00000, 0x0000000100000000)
  eden space 1536K, 0% used [0x00000000d5580000,0x00000000d5580000,0x00000000d5700000)
  from space 1536K, 95% used [0x00000000d5700000,0x00000000d586eb78,0x00000000d5880000)
  to   space 1536K, 0% used [0x00000000d5880000,0x00000000d5880000,0x00000000d5a00000)
 ParOldGen       total 554496K, used 447532K [0x0000000080000000, 0x00000000a1d80000, 0x00000000d5580000)
  object space 554496K, 80% used [0x0000000080000000,0x000000009b50b060,0x00000000a1d80000)
 Metaspace       used 82526K, committed 84160K, reserved 1179648K
  class space    used 8340K, committed 9088K, reserved 1048576K
}
Event: 7677.291 GC heap before
{Heap before GC invocations=436 (full 4):
 PSYoungGen      total 3072K, used 2998K [0x00000000d5580000, 0x00000000d5a00000, 0x0000000100000000)
  eden space 1536K, 99% used [0x00000000d5580000,0x00000000d56fee70,0x00000000d5700000)
  from space 1536K, 95% used [0x00000000d5700000,0x00000000d586eb78,0x00000000d5880000)
  to   space 1536K, 0% used [0x00000000d5880000,0x00000000d5880000,0x00000000d5a00000)
 ParOldGen       total 554496K, used 447532K [0x0000000080000000, 0x00000000a1d80000, 0x00000000d5580000)
  object space 554496K, 80% used [0x0000000080000000,0x000000009b50b060,0x00000000a1d80000)
 Metaspace       used 82526K, committed 84160K, reserved 1179648K
  class space    used 8340K, committed 9088K, reserved 1048576K
}
Event: 7677.304 GC heap after
{Heap after GC invocations=436 (full 4):
 PSYoungGen      total 3072K, used 1322K [0x00000000d5580000, 0x00000000d5a00000, 0x0000000100000000)
  eden space 1536K, 0% used [0x00000000d5580000,0x00000000d5580000,0x00000000d5700000)
  from space 1536K, 86% used [0x00000000d5880000,0x00000000d59caaa0,0x00000000d5a00000)
  to   space 1536K, 0% used [0x00000000d5700000,0x00000000d5700000,0x00000000d5880000)
 ParOldGen       total 554496K, used 448875K [0x0000000080000000, 0x00000000a1d80000, 0x00000000d5580000)
  object space 554496K, 80% used [0x0000000080000000,0x000000009b65ac38,0x00000000a1d80000)
 Metaspace       used 82526K, committed 84160K, reserved 1179648K
  class space    used 8340K, committed 9088K, reserved 1048576K
}
Event: 7680.062 GC heap before
{Heap before GC invocations=437 (full 4):
 PSYoungGen      total 3072K, used 2851K [0x00000000d5580000, 0x00000000d5a00000, 0x0000000100000000)
  eden space 1536K, 99% used [0x00000000d5580000,0x00000000d56fe368,0x00000000d5700000)
  from space 1536K, 86% used [0x00000000d5880000,0x00000000d59caaa0,0x00000000d5a00000)
  to   space 1536K, 0% used [0x00000000d5700000,0x00000000d5700000,0x00000000d5880000)
 ParOldGen       total 554496K, used 448875K [0x0000000080000000, 0x00000000a1d80000, 0x00000000d5580000)
  object space 554496K, 80% used [0x0000000080000000,0x000000009b65ac38,0x00000000a1d80000)
 Metaspace       used 82526K, committed 84160K, reserved 1179648K
  class space    used 8340K, committed 9088K, reserved 1048576K
}
Event: 7680.065 GC heap after
{Heap after GC invocations=437 (full 4):
 PSYoungGen      total 3072K, used 1283K [0x00000000d5580000, 0x00000000d5a00000, 0x0000000100000000)
  eden space 1536K, 0% used [0x00000000d5580000,0x00000000d5580000,0x00000000d5700000)
  from space 1536K, 83% used [0x00000000d5700000,0x00000000d5840fd8,0x00000000d5880000)
  to   space 1536K, 0% used [0x00000000d5880000,0x00000000d5880000,0x00000000d5a00000)
 ParOldGen       total 554496K, used 450081K [0x0000000080000000, 0x00000000a1d80000, 0x00000000d5580000)
  object space 554496K, 81% used [0x0000000080000000,0x000000009b788490,0x00000000a1d80000)
 Metaspace       used 82526K, committed 84160K, reserved 1179648K
  class space    used 8340K, committed 9088K, reserved 1048576K
}
Event: 7684.167 GC heap before
{Heap before GC invocations=438 (full 4):
 PSYoungGen      total 3072K, used 2819K [0x00000000d5580000, 0x00000000d5a00000, 0x0000000100000000)
  eden space 1536K, 100% used [0x00000000d5580000,0x00000000d5700000,0x00000000d5700000)
  from space 1536K, 83% used [0x00000000d5700000,0x00000000d5840fd8,0x00000000d5880000)
  to   space 1536K, 0% used [0x00000000d5880000,0x00000000d5880000,0x00000000d5a00000)
 ParOldGen       total 554496K, used 450081K [0x0000000080000000, 0x00000000a1d80000, 0x00000000d5580000)
  object space 554496K, 81% used [0x0000000080000000,0x000000009b788490,0x00000000a1d80000)
 Metaspace       used 82526K, committed 84160K, reserved 1179648K
  class space    used 8340K, committed 9088K, reserved 1048576K
}
Event: 7684.179 GC heap after
{Heap after GC invocations=438 (full 4):
 PSYoungGen      total 3072K, used 1320K [0x00000000d5580000, 0x00000000d5a00000, 0x0000000100000000)
  eden space 1536K, 0% used [0x00000000d5580000,0x00000000d5580000,0x00000000d5700000)
  from space 1536K, 85% used [0x00000000d5880000,0x00000000d59ca2f0,0x00000000d5a00000)
  to   space 1536K, 0% used [0x00000000d5700000,0x00000000d5700000,0x00000000d5880000)
 ParOldGen       total 554496K, used 451264K [0x0000000080000000, 0x00000000a1d80000, 0x00000000d5580000)
  object space 554496K, 81% used [0x0000000080000000,0x000000009b8b01f8,0x00000000a1d80000)
 Metaspace       used 82526K, committed 84160K, reserved 1179648K
  class space    used 8340K, committed 9088K, reserved 1048576K
}
Event: 7684.321 GC heap before
{Heap before GC invocations=439 (full 4):
 PSYoungGen      total 3072K, used 2856K [0x00000000d5580000, 0x00000000d5a00000, 0x0000000100000000)
  eden space 1536K, 100% used [0x00000000d5580000,0x00000000d5700000,0x00000000d5700000)
  from space 1536K, 85% used [0x00000000d5880000,0x00000000d59ca2f0,0x00000000d5a00000)
  to   space 1536K, 0% used [0x00000000d5700000,0x00000000d5700000,0x00000000d5880000)
 ParOldGen       total 554496K, used 451264K [0x0000000080000000, 0x00000000a1d80000, 0x00000000d5580000)
  object space 554496K, 81% used [0x0000000080000000,0x000000009b8b01f8,0x00000000a1d80000)
 Metaspace       used 82526K, committed 84160K, reserved 1179648K
  class space    used 8340K, committed 9088K, reserved 1048576K
}
Event: 7684.331 GC heap after
{Heap after GC invocations=439 (full 4):
 PSYoungGen      total 2560K, used 768K [0x00000000d5580000, 0x00000000d5900000, 0x0000000100000000)
  eden space 1536K, 0% used [0x00000000d5580000,0x00000000d5580000,0x00000000d5700000)
  from space 1024K, 75% used [0x00000000d5700000,0x00000000d57c0000,0x00000000d5800000)
  to   space 1024K, 0% used [0x00000000d5800000,0x00000000d5800000,0x00000000d5900000)
 ParOldGen       total 554496K, used 452426K [0x0000000080000000, 0x00000000a1d80000, 0x00000000d5580000)
  object space 554496K, 81% used [0x0000000080000000,0x000000009b9d2820,0x00000000a1d80000)
 Metaspace       used 82526K, committed 84160K, reserved 1179648K
  class space    used 8340K, committed 9088K, reserved 1048576K
}
Event: 11041.121 GC heap before
{Heap before GC invocations=440 (full 4):
 PSYoungGen      total 2560K, used 2304K [0x00000000d5580000, 0x00000000d5900000, 0x0000000100000000)
  eden space 1536K, 100% used [0x00000000d5580000,0x00000000d5700000,0x00000000d5700000)
  from space 1024K, 75% used [0x00000000d5700000,0x00000000d57c0000,0x00000000d5800000)
  to   space 1024K, 0% used [0x00000000d5800000,0x00000000d5800000,0x00000000d5900000)
 ParOldGen       total 554496K, used 452426K [0x0000000080000000, 0x00000000a1d80000, 0x00000000d5580000)
  object space 554496K, 81% used [0x0000000080000000,0x000000009b9d2820,0x00000000a1d80000)
 Metaspace       used 82557K, committed 84224K, reserved 1179648K
  class space    used 8341K, committed 9088K, reserved 1048576K
}
Event: 11041.270 GC heap after
{Heap after GC invocations=440 (full 4):
 PSYoungGen      total 2560K, used 384K [0x00000000d5580000, 0x00000000d5900000, 0x0000000100000000)
  eden space 1536K, 0% used [0x00000000d5580000,0x00000000d5580000,0x00000000d5700000)
  from space 1024K, 37% used [0x00000000d5800000,0x00000000d5860020,0x00000000d5900000)
  to   space 1024K, 0% used [0x00000000d5700000,0x00000000d5700000,0x00000000d5800000)
 ParOldGen       total 554496K, used 453074K [0x0000000080000000, 0x00000000a1d80000, 0x00000000d5580000)
  object space 554496K, 81% used [0x0000000080000000,0x000000009ba74820,0x00000000a1d80000)
 Metaspace       used 82557K, committed 84224K, reserved 1179648K
  class space    used 8341K, committed 9088K, reserved 1048576K
}
Event: 11056.030 GC heap before
{Heap before GC invocations=441 (full 4):
 PSYoungGen      total 2560K, used 1920K [0x00000000d5580000, 0x00000000d5900000, 0x0000000100000000)
  eden space 1536K, 100% used [0x00000000d5580000,0x00000000d5700000,0x00000000d5700000)
  from space 1024K, 37% used [0x00000000d5800000,0x00000000d5860020,0x00000000d5900000)
  to   space 1024K, 0% used [0x00000000d5700000,0x00000000d5700000,0x00000000d5800000)
 ParOldGen       total 554496K, used 453074K [0x0000000080000000, 0x00000000a1d80000, 0x00000000d5580000)
  object space 554496K, 81% used [0x0000000080000000,0x000000009ba74820,0x00000000a1d80000)
 Metaspace       used 82563K, committed 84224K, reserved 1179648K
  class space    used 8341K, committed 9088K, reserved 1048576K
}
Event: 11056.036 GC heap after
{Heap after GC invocations=441 (full 4):
 PSYoungGen      total 2560K, used 160K [0x00000000d5580000, 0x00000000d5880000, 0x0000000100000000)
  eden space 1536K, 0% used [0x00000000d5580000,0x00000000d5580000,0x00000000d5700000)
  from space 1024K, 15% used [0x00000000d5700000,0x00000000d5728000,0x00000000d5800000)
  to   space 512K, 0% used [0x00000000d5800000,0x00000000d5800000,0x00000000d5880000)
 ParOldGen       total 554496K, used 453290K [0x0000000080000000, 0x00000000a1d80000, 0x00000000d5580000)
  object space 554496K, 81% used [0x0000000080000000,0x000000009baaa840,0x00000000a1d80000)
 Metaspace       used 82563K, committed 84224K, reserved 1179648K
  class space    used 8341K, committed 9088K, reserved 1048576K
}
Event: 11075.002 GC heap before
{Heap before GC invocations=442 (full 4):
 PSYoungGen      total 2560K, used 1696K [0x00000000d5580000, 0x00000000d5880000, 0x0000000100000000)
  eden space 1536K, 100% used [0x00000000d5580000,0x00000000d5700000,0x00000000d5700000)
  from space 1024K, 15% used [0x00000000d5700000,0x00000000d5728000,0x00000000d5800000)
  to   space 512K, 0% used [0x00000000d5800000,0x00000000d5800000,0x00000000d5880000)
 ParOldGen       total 554496K, used 453290K [0x0000000080000000, 0x00000000a1d80000, 0x00000000d5580000)
  object space 554496K, 81% used [0x0000000080000000,0x000000009baaa840,0x00000000a1d80000)
 Metaspace       used 82571K, committed 84224K, reserved 1179648K
  class space    used 8341K, committed 9088K, reserved 1048576K
}
Event: 11075.006 GC heap after
{Heap after GC invocations=442 (full 4):
 PSYoungGen      total 2048K, used 128K [0x00000000d5580000, 0x00000000d5880000, 0x0000000100000000)
  eden space 1536K, 0% used [0x00000000d5580000,0x00000000d5580000,0x00000000d5700000)
  from space 512K, 25% used [0x00000000d5800000,0x00000000d5820000,0x00000000d5880000)
  to   space 512K, 0% used [0x00000000d5780000,0x00000000d5780000,0x00000000d5800000)
 ParOldGen       total 554496K, used 453338K [0x0000000080000000, 0x00000000a1d80000, 0x00000000d5580000)
  object space 554496K, 81% used [0x0000000080000000,0x000000009bab6840,0x00000000a1d80000)
 Metaspace       used 82571K, committed 84224K, reserved 1179648K
  class space    used 8341K, committed 9088K, reserved 1048576K
}
Event: 12943.492 GC heap before
{Heap before GC invocations=443 (full 4):
 PSYoungGen      total 2048K, used 1662K [0x00000000d5580000, 0x00000000d5880000, 0x0000000100000000)
  eden space 1536K, 99% used [0x00000000d5580000,0x00000000d56ff908,0x00000000d5700000)
  from space 512K, 25% used [0x00000000d5800000,0x00000000d5820000,0x00000000d5880000)
  to   space 512K, 0% used [0x00000000d5780000,0x00000000d5780000,0x00000000d5800000)
 ParOldGen       total 554496K, used 453338K [0x0000000080000000, 0x00000000a1d80000, 0x00000000d5580000)
  object space 554496K, 81% used [0x0000000080000000,0x000000009bab6840,0x00000000a1d80000)
 Metaspace       used 82572K, committed 84224K, reserved 1179648K
  class space    used 8341K, committed 9088K, reserved 1048576K
}
Event: 12943.661 GC heap after
{Heap after GC invocations=443 (full 4):
 PSYoungGen      total 2048K, used 224K [0x00000000d5580000, 0x00000000d5880000, 0x0000000100000000)
  eden space 1536K, 0% used [0x00000000d5580000,0x00000000d5580000,0x00000000d5700000)
  from space 512K, 43% used [0x00000000d5780000,0x00000000d57b8000,0x00000000d5800000)
  to   space 512K, 0% used [0x00000000d5800000,0x00000000d5800000,0x00000000d5880000)
 ParOldGen       total 554496K, used 453338K [0x0000000080000000, 0x00000000a1d80000, 0x00000000d5580000)
  object space 554496K, 81% used [0x0000000080000000,0x000000009bab6840,0x00000000a1d80000)
 Metaspace       used 82572K, committed 84224K, reserved 1179648K
  class space    used 8341K, committed 9088K, reserved 1048576K
}

