# JRE version: OpenJDK Runtime Environment (21.0.8) (build 21.0.8+-14018985-b1038.68)
# Java VM: OpenJDK 64-Bit Server VM (21.0.8+-14018985-b1038.68, mixed mode, tiered, compressed oops, compressed class ptrs, g1 gc, windows-amd64)
GC Precious Log:
 CardTable entry size: 512
 Card Set container configuration: InlinePtr #cards 5 size 8 Array Of Cards #cards 12 size 40 Howl #buckets 4 coarsen threshold 1843 Howl Bitmap #cards 512 size 80 coarsen threshold 460 Card regions per heap region 1 cards per card region 2048
 CPUs: 8 total, 8 available
 Memory: 6016M
 Large Page Support: Disabled
 NUMA Support: Disabled
 Compressed Oops: Enabled (32-bit)
 Heap Region Size: 1M
 Heap Min Capacity: 8M
 Heap Initial Capacity: 96M
 Heap Max Capacity: 2G
 Pre-touch: Disabled
 Parallel Workers: 8
 Concurrent Workers: 2
 Concurrent Refinement Workers: 8
 Periodic GC: Disabled
Heap:
 garbage-first heap   total 92160K, used 52420K [0x0000000080000000, 0x0000000100000000)
  region size 1024K, 19 young (19456K), 5 survivors (5120K)
 Metaspace       used 57279K, committed 58752K, reserved 491520K
  class space    used 8064K, committed 8768K, reserved 425984K
GC Heap History (20 events):
Event: 3.132 GC heap before
{Heap before GC invocations=2 (full 0):
 garbage-first heap   total 98304K, used 54401K [0x0000000080000000, 0x0000000100000000)
  region size 1024K, 47 young (48128K), 5 survivors (5120K)
 Metaspace       used 12611K, committed 12800K, reserved 491520K
  class space    used 1389K, committed 1472K, reserved 425984K
}
Event: 3.145 GC heap after
{Heap after GC invocations=3 (full 0):
 garbage-first heap   total 98304K, used 16831K [0x0000000080000000, 0x0000000100000000)
  region size 1024K, 5 young (5120K), 5 survivors (5120K)
 Metaspace       used 12611K, committed 12800K, reserved 491520K
  class space    used 1389K, committed 1472K, reserved 425984K
}
Event: 4.311 GC heap before
{Heap before GC invocations=3 (full 0):
 garbage-first heap   total 98304K, used 46527K [0x0000000080000000, 0x0000000100000000)
  region size 1024K, 35 young (35840K), 5 survivors (5120K)
 Metaspace       used 21195K, committed 21504K, reserved 491520K
  class space    used 2532K, committed 2688K, reserved 425984K
}
Event: 4.318 GC heap after
{Heap after GC invocations=4 (full 0):
 garbage-first heap   total 98304K, used 20762K [0x0000000080000000, 0x0000000100000000)
  region size 1024K, 4 young (4096K), 4 survivors (4096K)
 Metaspace       used 21195K, committed 21504K, reserved 491520K
  class space    used 2532K, committed 2688K, reserved 425984K
}
Event: 5.708 GC heap before
{Heap before GC invocations=5 (full 0):
 garbage-first heap   total 71680K, used 58650K [0x0000000080000000, 0x0000000100000000)
  region size 1024K, 42 young (43008K), 4 survivors (4096K)
 Metaspace       used 27850K, committed 28352K, reserved 491520K
  class space    used 3583K, committed 3776K, reserved 425984K
}
Event: 5.716 GC heap after
{Heap after GC invocations=6 (full 0):
 garbage-first heap   total 71680K, used 22850K [0x0000000080000000, 0x0000000100000000)
  region size 1024K, 3 young (3072K), 3 survivors (3072K)
 Metaspace       used 27850K, committed 28352K, reserved 491520K
  class space    used 3583K, committed 3776K, reserved 425984K
}
Event: 6.950 GC heap before
{Heap before GC invocations=6 (full 0):
 garbage-first heap   total 71680K, used 55618K [0x0000000080000000, 0x0000000100000000)
  region size 1024K, 35 young (35840K), 3 survivors (3072K)
 Metaspace       used 32270K, committed 32960K, reserved 491520K
  class space    used 4364K, committed 4672K, reserved 425984K
}
Event: 6.957 GC heap after
{Heap after GC invocations=7 (full 0):
 garbage-first heap   total 71680K, used 25727K [0x0000000080000000, 0x0000000100000000)
  region size 1024K, 5 young (5120K), 5 survivors (5120K)
 Metaspace       used 32270K, committed 32960K, reserved 491520K
  class space    used 4364K, committed 4672K, reserved 425984K
}
Event: 7.434 GC heap before
{Heap before GC invocations=7 (full 0):
 garbage-first heap   total 71680K, used 43135K [0x0000000080000000, 0x0000000100000000)
  region size 1024K, 24 young (24576K), 5 survivors (5120K)
 Metaspace       used 35186K, committed 35968K, reserved 491520K
  class space    used 4854K, committed 5248K, reserved 425984K
}
Event: 7.440 GC heap after
{Heap after GC invocations=8 (full 0):
 garbage-first heap   total 71680K, used 26569K [0x0000000080000000, 0x0000000100000000)
  region size 1024K, 4 young (4096K), 4 survivors (4096K)
 Metaspace       used 35186K, committed 35968K, reserved 491520K
  class space    used 4854K, committed 5248K, reserved 425984K
}
Event: 8.136 GC heap before
{Heap before GC invocations=9 (full 0):
 garbage-first heap   total 71680K, used 59337K [0x0000000080000000, 0x0000000100000000)
  region size 1024K, 36 young (36864K), 4 survivors (4096K)
 Metaspace       used 39284K, committed 40448K, reserved 491520K
  class space    used 5583K, committed 6144K, reserved 425984K
}
Event: 8.142 GC heap after
{Heap after GC invocations=10 (full 0):
 garbage-first heap   total 71680K, used 28609K [0x0000000080000000, 0x0000000100000000)
  region size 1024K, 3 young (3072K), 3 survivors (3072K)
 Metaspace       used 39284K, committed 40448K, reserved 491520K
  class space    used 5583K, committed 6144K, reserved 425984K
}
Event: 8.880 GC heap before
{Heap before GC invocations=10 (full 0):
 garbage-first heap   total 71680K, used 60353K [0x0000000080000000, 0x0000000100000000)
  region size 1024K, 35 young (35840K), 3 survivors (3072K)
 Metaspace       used 45893K, committed 47040K, reserved 491520K
  class space    used 6306K, committed 6848K, reserved 425984K
}
Event: 8.888 GC heap after
{Heap after GC invocations=11 (full 0):
 garbage-first heap   total 71680K, used 31465K [0x0000000080000000, 0x0000000100000000)
  region size 1024K, 5 young (5120K), 5 survivors (5120K)
 Metaspace       used 45893K, committed 47040K, reserved 491520K
  class space    used 6306K, committed 6848K, reserved 425984K
}
Event: 9.575 GC heap before
{Heap before GC invocations=11 (full 0):
 garbage-first heap   total 71680K, used 67305K [0x0000000080000000, 0x0000000100000000)
  region size 1024K, 35 young (35840K), 5 survivors (5120K)
 Metaspace       used 48792K, committed 50048K, reserved 491520K
  class space    used 6689K, committed 7296K, reserved 425984K
}
Event: 9.584 GC heap after
{Heap after GC invocations=12 (full 0):
 garbage-first heap   total 92160K, used 35065K [0x0000000080000000, 0x0000000100000000)
  region size 1024K, 4 young (4096K), 4 survivors (4096K)
 Metaspace       used 48792K, committed 50048K, reserved 491520K
  class space    used 6689K, committed 7296K, reserved 425984K
}
Event: 11.568 GC heap before
{Heap before GC invocations=12 (full 0):
 garbage-first heap   total 92160K, used 79097K [0x0000000080000000, 0x0000000100000000)
  region size 1024K, 47 young (48128K), 4 survivors (4096K)
 Metaspace       used 51559K, committed 52864K, reserved 491520K
  class space    used 7123K, committed 7744K, reserved 425984K
}
Event: 11.574 GC heap after
{Heap after GC invocations=13 (full 0):
 garbage-first heap   total 92160K, used 37353K [0x0000000080000000, 0x0000000100000000)
  region size 1024K, 6 young (6144K), 6 survivors (6144K)
 Metaspace       used 51559K, committed 52864K, reserved 491520K
  class space    used 7123K, committed 7744K, reserved 425984K
}
Event: 13.642 GC heap before
{Heap before GC invocations=13 (full 0):
 garbage-first heap   total 92160K, used 80361K [0x0000000080000000, 0x0000000100000000)
  region size 1024K, 48 young (49152K), 6 survivors (6144K)
 Metaspace       used 55595K, committed 57024K, reserved 491520K
  class space    used 7791K, committed 8448K, reserved 425984K
}
Event: 13.649 GC heap after
{Heap after GC invocations=14 (full 0):
 garbage-first heap   total 92160K, used 39108K [0x0000000080000000, 0x0000000100000000)
  region size 1024K, 5 young (5120K), 5 survivors (5120K)
 Metaspace       used 55595K, committed 57024K, reserved 491520K
  class space    used 7791K, committed 8448K, reserved 425984K
}

